<?xml version="1.0" encoding="utf-8"?><testsuites><testsuite name="pytest" errors="0" failures="0" skipped="0" tests="3" time="2.202" timestamp="2024-02-20T09:29:10.522946" hostname="ignatj-virtual-machine"><testcase classname="examples_rclpy_executors.executors.test.test_copyright" name="test_copyright" time="1.186" /><testcase classname="examples_rclpy_executors.executors.test.test_flake8" name="test_flake8" time="0.420" /><testcase classname="examples_rclpy_executors.executors.test.test_pep257" name="test_pep257" time="0.144" /></testsuite></testsuites>